==6866== Memcheck, a memory error detector
==6866== Copyright (C) 2002-2017, and GNU GPL'd, by Julian Seward et al.
==6866== Using Valgrind-3.17.0-07f0cdcbb4-20210319X and LibVEX; rerun with -h for copyright info
==6866== Command: ./cub3d maps/firstmap.cub
==6866== Parent PID: 3057
==6866== 
--6866-- 
--6866-- Valgrind options:
--6866--    --leak-check=full
--6866--    --log-file=logfile.out
--6866--    -v
--6866-- Contents of /proc/version:
--6866--   Linux version 5.15.79.1-microsoft-standard-WSL2 (oe-user@oe-host) (x86_64-msft-linux-gcc (GCC) 9.3.0, GNU ld (GNU Binutils) 2.34.0.20200220) #1 SMP Wed Nov 23 01:01:46 UTC 2022
--6866-- 
--6866-- Arch and hwcaps: AMD64, LittleEndian, amd64-cx16-lzcnt-rdtscp-sse3-ssse3-avx-avx2-bmi-f16c-rdrand-rdseed
--6866-- Page sizes: currently 4096, max supported 4096
--6866-- Valgrind library directory: /usr/local/libexec/valgrind
--6866-- Reading syms from /home/mgranate_ls/42school/mgranate/cub3d/cub3d
--6866-- Reading syms from /usr/lib/x86_64-linux-gnu/ld-2.31.so
--6866--   Considering /usr/lib/x86_64-linux-gnu/ld-2.31.so ..
--6866--   .. CRC mismatch (computed 0306b78c wanted 8d362b37)
--6866--   Considering /lib/x86_64-linux-gnu/ld-2.31.so ..
--6866--   .. CRC mismatch (computed 0306b78c wanted 8d362b37)
--6866--   Considering /usr/lib/debug/lib/x86_64-linux-gnu/ld-2.31.so ..
--6866--   .. CRC is valid
--6866-- Reading syms from /usr/local/libexec/valgrind/memcheck-amd64-linux
--6866--    object doesn't have a dynamic symbol table
--6866-- Scheduler: using generic scheduler lock implementation.
--6866-- Reading suppressions file: /usr/local/libexec/valgrind/default.supp
==6866== embedded gdbserver: reading from /tmp/vgdb-pipe-from-vgdb-to-6866-by-mgranate_ls-on-???
==6866== embedded gdbserver: writing to   /tmp/vgdb-pipe-to-vgdb-from-6866-by-mgranate_ls-on-???
==6866== embedded gdbserver: shared mem   /tmp/vgdb-pipe-shared-mem-vgdb-6866-by-mgranate_ls-on-???
==6866== 
==6866== TO CONTROL THIS PROCESS USING vgdb (which you probably
==6866== don't want to do, unless you know exactly what you're doing,
==6866== or are doing some strange experiment):
==6866==   /usr/local/libexec/valgrind/../../bin/vgdb --pid=6866 ...command...
==6866== 
==6866== TO DEBUG THIS PROCESS USING GDB: start GDB like this
==6866==   /path/to/gdb ./cub3d
==6866== and then give GDB the following command
==6866==   target remote | /usr/local/libexec/valgrind/../../bin/vgdb --pid=6866
==6866== --pid is optional if only one valgrind process is running
==6866== 
--6866-- REDIR: 0x4022e10 (ld-linux-x86-64.so.2:strlen) redirected to 0x580cef62 (vgPlain_amd64_linux_REDIR_FOR_strlen)
--6866-- REDIR: 0x4022be0 (ld-linux-x86-64.so.2:index) redirected to 0x580cef7c (vgPlain_amd64_linux_REDIR_FOR_index)
--6866-- Reading syms from /usr/local/libexec/valgrind/vgpreload_core-amd64-linux.so
--6866-- Reading syms from /usr/local/libexec/valgrind/vgpreload_memcheck-amd64-linux.so
==6866== WARNING: new redirection conflicts with existing -- ignoring it
--6866--     old: 0x04022e10 (strlen              ) R-> (0000.0) 0x580cef62 vgPlain_amd64_linux_REDIR_FOR_strlen
--6866--     new: 0x04022e10 (strlen              ) R-> (2007.0) 0x04842700 strlen
--6866-- REDIR: 0x401f5f0 (ld-linux-x86-64.so.2:strcmp) redirected to 0x4843670 (strcmp)
--6866-- REDIR: 0x4023370 (ld-linux-x86-64.so.2:mempcpy) redirected to 0x4847570 (mempcpy)
--6866-- Reading syms from /usr/lib/x86_64-linux-gnu/libXext.so.6.4.0
--6866--   Considering /usr/lib/x86_64-linux-gnu/libXext.so.6.4.0 ..
--6866--   .. CRC mismatch (computed 7e27e1ef wanted 4ab025b2)
--6866--   Considering /lib/x86_64-linux-gnu/libXext.so.6.4.0 ..
--6866--   .. CRC mismatch (computed 7e27e1ef wanted 4ab025b2)
--6866--    object doesn't have a symbol table
--6866-- Reading syms from /usr/lib/x86_64-linux-gnu/libX11.so.6.3.0
--6866--    object doesn't have a symbol table
--6866-- Reading syms from /usr/lib/x86_64-linux-gnu/libm-2.31.so
--6866--   Considering /usr/lib/x86_64-linux-gnu/libm-2.31.so ..
--6866--   .. CRC mismatch (computed 3cfca93f wanted 658b15c9)
--6866--   Considering /lib/x86_64-linux-gnu/libm-2.31.so ..
--6866--   .. CRC mismatch (computed 3cfca93f wanted 658b15c9)
--6866--   Considering /usr/lib/debug/lib/x86_64-linux-gnu/libm-2.31.so ..
--6866--   .. CRC is valid
--6866-- Reading syms from /usr/lib/x86_64-linux-gnu/libc-2.31.so
--6866--   Considering /usr/lib/x86_64-linux-gnu/libc-2.31.so ..
--6866--   .. CRC mismatch (computed ef41b1a0 wanted f854b801)
--6866--   Considering /lib/x86_64-linux-gnu/libc-2.31.so ..
--6866--   .. CRC mismatch (computed ef41b1a0 wanted f854b801)
--6866--   Considering /usr/lib/debug/lib/x86_64-linux-gnu/libc-2.31.so ..
--6866--   .. CRC is valid
--6866-- Reading syms from /usr/lib/x86_64-linux-gnu/libxcb.so.1.1.0
--6866--    object doesn't have a symbol table
--6866-- Reading syms from /usr/lib/x86_64-linux-gnu/libdl-2.31.so
--6866--   Considering /usr/lib/x86_64-linux-gnu/libdl-2.31.so ..
--6866--   .. CRC mismatch (computed 2bb25318 wanted f334bb32)
--6866--   Considering /lib/x86_64-linux-gnu/libdl-2.31.so ..
--6866--   .. CRC mismatch (computed 2bb25318 wanted f334bb32)
--6866--   Considering /usr/lib/debug/lib/x86_64-linux-gnu/libdl-2.31.so ..
--6866--   .. CRC is valid
--6866-- Reading syms from /usr/lib/x86_64-linux-gnu/libXau.so.6.0.0
--6866--   Considering /usr/lib/x86_64-linux-gnu/libXau.so.6.0.0 ..
--6866--   .. CRC mismatch (computed 7de9b6ad wanted e8a17129)
--6866--   Considering /lib/x86_64-linux-gnu/libXau.so.6.0.0 ..
--6866--   .. CRC mismatch (computed 7de9b6ad wanted e8a17129)
--6866--    object doesn't have a symbol table
--6866-- Reading syms from /usr/lib/x86_64-linux-gnu/libXdmcp.so.6.0.0
--6866--    object doesn't have a symbol table
--6866-- Reading syms from /usr/lib/x86_64-linux-gnu/libbsd.so.0.10.0
--6866--    object doesn't have a symbol table
--6866-- REDIR: 0x4b9f4b0 (libc.so.6:memmove) redirected to 0x48311bb (_vgnU_ifunc_wrapper)
==6866== Preferring higher priority redirection:
--6866--     old: 0x04c8a5f0 (__memcpy_avx_unalign) R-> (2018.0) 0x04844aa0 __memcpy_avx_unaligned_erms
--6866--     new: 0x04c8a5f0 (__memcpy_avx_unalign) R-> (2018.1) 0x04846540 memmove
--6866-- REDIR: 0x4b9e7b0 (libc.so.6:strncpy) redirected to 0x48311bb (_vgnU_ifunc_wrapper)
--6866-- REDIR: 0x4b9f7e0 (libc.so.6:strcasecmp) redirected to 0x48311bb (_vgnU_ifunc_wrapper)
--6866-- REDIR: 0x4b9e0d0 (libc.so.6:strcat) redirected to 0x48311bb (_vgnU_ifunc_wrapper)
--6866-- REDIR: 0x4b9e810 (libc.so.6:rindex) redirected to 0x48311bb (_vgnU_ifunc_wrapper)
--6866-- REDIR: 0x4ba0c80 (libc.so.6:rawmemchr) redirected to 0x48311bb (_vgnU_ifunc_wrapper)
--6866-- REDIR: 0x4bbbd10 (libc.so.6:wmemchr) redirected to 0x48311bb (_vgnU_ifunc_wrapper)
--6866-- REDIR: 0x4bbb850 (libc.so.6:wcscmp) redirected to 0x48311bb (_vgnU_ifunc_wrapper)
--6866-- REDIR: 0x4b9f610 (libc.so.6:mempcpy) redirected to 0x48311bb (_vgnU_ifunc_wrapper)
--6866-- REDIR: 0x4b9f440 (libc.so.6:bcmp) redirected to 0x48311bb (_vgnU_ifunc_wrapper)
--6866-- REDIR: 0x4b9e740 (libc.so.6:strncmp) redirected to 0x48311bb (_vgnU_ifunc_wrapper)
--6866-- REDIR: 0x4b9e180 (libc.so.6:strcmp) redirected to 0x48311bb (_vgnU_ifunc_wrapper)
--6866-- REDIR: 0x4b9f570 (libc.so.6:memset) redirected to 0x48311bb (_vgnU_ifunc_wrapper)
--6866-- REDIR: 0x4bbb810 (libc.so.6:wcschr) redirected to 0x48311bb (_vgnU_ifunc_wrapper)
--6866-- REDIR: 0x4b9e6a0 (libc.so.6:strnlen) redirected to 0x48311bb (_vgnU_ifunc_wrapper)
--6866-- REDIR: 0x4b9e260 (libc.so.6:strcspn) redirected to 0x48311bb (_vgnU_ifunc_wrapper)
--6866-- REDIR: 0x4b9f830 (libc.so.6:strncasecmp) redirected to 0x48311bb (_vgnU_ifunc_wrapper)
--6866-- REDIR: 0x4b9e200 (libc.so.6:strcpy) redirected to 0x48311bb (_vgnU_ifunc_wrapper)
--6866-- REDIR: 0x4b9f980 (libc.so.6:memcpy@@GLIBC_2.14) redirected to 0x48311bb (_vgnU_ifunc_wrapper)
--6866-- REDIR: 0x4bbcf80 (libc.so.6:wcsnlen) redirected to 0x48311bb (_vgnU_ifunc_wrapper)
--6866-- REDIR: 0x4bbb890 (libc.so.6:wcscpy) redirected to 0x48311bb (_vgnU_ifunc_wrapper)
--6866-- REDIR: 0x4b9e850 (libc.so.6:strpbrk) redirected to 0x48311bb (_vgnU_ifunc_wrapper)
--6866-- REDIR: 0x4b9e130 (libc.so.6:index) redirected to 0x48311bb (_vgnU_ifunc_wrapper)
--6866-- REDIR: 0x4b9e660 (libc.so.6:strlen) redirected to 0x48311bb (_vgnU_ifunc_wrapper)
--6866-- REDIR: 0x4ba7bd0 (libc.so.6:memrchr) redirected to 0x48311bb (_vgnU_ifunc_wrapper)
--6866-- REDIR: 0x4b9f880 (libc.so.6:strcasecmp_l) redirected to 0x48311bb (_vgnU_ifunc_wrapper)
--6866-- REDIR: 0x4b9f400 (libc.so.6:memchr) redirected to 0x48311bb (_vgnU_ifunc_wrapper)
--6866-- REDIR: 0x4bbb960 (libc.so.6:wcslen) redirected to 0x48311bb (_vgnU_ifunc_wrapper)
--6866-- REDIR: 0x4b9eb10 (libc.so.6:strspn) redirected to 0x48311bb (_vgnU_ifunc_wrapper)
--6866-- REDIR: 0x4b9f780 (libc.so.6:stpncpy) redirected to 0x48311bb (_vgnU_ifunc_wrapper)
--6866-- REDIR: 0x4b9f720 (libc.so.6:stpcpy) redirected to 0x48311bb (_vgnU_ifunc_wrapper)
--6866-- REDIR: 0x4ba0cc0 (libc.so.6:strchrnul) redirected to 0x48311bb (_vgnU_ifunc_wrapper)
--6866-- REDIR: 0x4b9f8d0 (libc.so.6:strncasecmp_l) redirected to 0x48311bb (_vgnU_ifunc_wrapper)
--6866-- REDIR: 0x4c87410 (libc.so.6:__strrchr_avx2) redirected to 0x48420b0 (rindex)
--6866-- REDIR: 0x4b99110 (libc.so.6:malloc) redirected to 0x483c7df (malloc)
--6866-- REDIR: 0x4b99700 (libc.so.6:free) redirected to 0x483f051 (free)
--6866-- REDIR: 0x4c875e0 (libc.so.6:__strlen_avx2) redirected to 0x48425e0 (strlen)
--6866-- REDIR: 0x4c82f20 (libc.so.6:__strncmp_avx2) redirected to 0x4842d10 (strncmp)
--6866-- REDIR: 0x4b9ab40 (libc.so.6:calloc) redirected to 0x48413f1 (calloc)
--6866-- REDIR: 0x4c8a5f0 (libc.so.6:__memcpy_avx_unaligned_erms) redirected to 0x4846540 (memmove)
--6866-- REDIR: 0x4c87220 (libc.so.6:__strchrnul_avx2) redirected to 0x4847090 (strchrnul)
--6866-- REDIR: 0x4c2cc30 (libc.so.6:__strcpy_chk) redirected to 0x4847110 (__strcpy_chk)
--6866-- REDIR: 0x4b99eb0 (libc.so.6:realloc) redirected to 0x484163e (realloc)
--6866-- REDIR: 0x4c88eb0 (libc.so.6:__strncpy_avx2) redirected to 0x48428d0 (strncpy)
--6866-- REDIR: 0x4c8aa70 (libc.so.6:__memset_avx2_unaligned_erms) redirected to 0x4846430 (memset)
--6866-- REDIR: 0x4c88b20 (libc.so.6:__strcpy_avx2) redirected to 0x4842730 (strcpy)
--6866-- REDIR: 0x4c83fb0 (libc.so.6:__strcasecmp_avx) redirected to 0x4842ed0 (strcasecmp)
--6866-- Reading syms from /usr/lib/x86_64-linux-gnu/libXcursor.so.1.0.2
--6866--    object doesn't have a symbol table
--6866-- Reading syms from /usr/lib/x86_64-linux-gnu/libXrender.so.1.3.0
--6866--    object doesn't have a symbol table
--6866-- Reading syms from /usr/lib/x86_64-linux-gnu/libXfixes.so.3.1.0
--6866--    object doesn't have a symbol table
--6866-- REDIR: 0x4c86ff0 (libc.so.6:__strchr_avx2) redirected to 0x4842290 (index)
--6866-- REDIR: 0x4b9efd0 (libc.so.6:__GI_strstr) redirected to 0x48477f0 (__strstr_sse2)
--6866-- REDIR: 0x4c83440 (libc.so.6:__memchr_avx2) redirected to 0x48436f0 (memchr)
--6866-- REDIR: 0x4c82ae0 (libc.so.6:__strcmp_avx2) redirected to 0x4843570 (strcmp)
==6866== Invalid write of size 4
==6866==    at 0x113D0F: my_mlx_pixel_put (img_utils.c:41)
==6866==    by 0x113EE9: put_image_remove_chroma (img_utils.c:100)
==6866==    by 0x1142D2: render_screen (rendering.c:89)
==6866==    by 0x11365F: raycasting (raycasting.c:174)
==6866==    by 0x11383B: create_cube (init_cub3d.c:34)
==6866==    by 0x10FB2B: main (main.c:33)
==6866==  Address 0x54fa520 is not stack'd, malloc'd or (recently) free'd
==6866== 
==6866== 
==6866== Process terminating with default action of signal 11 (SIGSEGV)
==6866==  Access not within mapped region at address 0x54FA520
==6866==    at 0x113D0F: my_mlx_pixel_put (img_utils.c:41)
==6866==    by 0x113EE9: put_image_remove_chroma (img_utils.c:100)
==6866==    by 0x1142D2: render_screen (rendering.c:89)
==6866==    by 0x11365F: raycasting (raycasting.c:174)
==6866==    by 0x11383B: create_cube (init_cub3d.c:34)
==6866==    by 0x10FB2B: main (main.c:33)
==6866==  If you believe this happened as a result of a stack
==6866==  overflow in your program's main thread (unlikely but
==6866==  possible), you can try to increase the size of the
==6866==  main thread stack using the --main-stacksize= flag.
==6866==  The main thread stack size used in this run was 8388608.
==6866== 
==6866== HEAP SUMMARY:
==6866==     in use at exit: 89,946 bytes in 114 blocks
==6866==   total heap usage: 1,303 allocs, 1,189 frees, 1,188,262 bytes allocated
==6866== 
==6866== Searching for pointers to 114 not-freed blocks
==6866== Checked 4,785,936 bytes
==6866== 
==6866== LEAK SUMMARY:
==6866==    definitely lost: 0 bytes in 0 blocks
==6866==    indirectly lost: 0 bytes in 0 blocks
==6866==      possibly lost: 0 bytes in 0 blocks
==6866==    still reachable: 89,946 bytes in 114 blocks
==6866==         suppressed: 0 bytes in 0 blocks
==6866== Reachable blocks (those to which a pointer was found) are not shown.
==6866== To see them, rerun with: --leak-check=full --show-leak-kinds=all
==6866== 
==6866== ERROR SUMMARY: 1 errors from 1 contexts (suppressed: 1 from 1)
==6866== 
==6866== 1 errors in context 1 of 1:
==6866== Invalid write of size 4
==6866==    at 0x113D0F: my_mlx_pixel_put (img_utils.c:41)
==6866==    by 0x113EE9: put_image_remove_chroma (img_utils.c:100)
==6866==    by 0x1142D2: render_screen (rendering.c:89)
==6866==    by 0x11365F: raycasting (raycasting.c:174)
==6866==    by 0x11383B: create_cube (init_cub3d.c:34)
==6866==    by 0x10FB2B: main (main.c:33)
==6866==  Address 0x54fa520 is not stack'd, malloc'd or (recently) free'd
==6866== 
--6866-- 
--6866-- used_suppression:      1 X on SUSE11 writev uninit padding /usr/local/libexec/valgrind/default.supp:377
==6866== 
==6866== ERROR SUMMARY: 1 errors from 1 contexts (suppressed: 1 from 1)
